<?xml version="1.0" encoding="UTF-8"?>
<testsuite xmlns:xsi="http://www.w3.org/2001/XMLSchema-instance" xsi:noNamespaceSchemaLocation="https://maven.apache.org/surefire/maven-surefire-plugin/xsd/surefire-test-report-3.0.xsd" version="3.0" name="TestSuite" time="70.766" tests="3" errors="0" skipped="0" failures="0">
  <properties>
    <property name="java.specification.version" value="18"/>
    <property name="webdriver.chrome.driver" value="chromedriver.exe"/>
    <property name="sun.cpu.isalist" value="amd64"/>
    <property name="sun.jnu.encoding" value="Cp1252"/>
    <property name="java.class.path" value="D:\TestingAutomation\TestRepository\target\test-classes;D:\TestingAutomation\TestRepository\target\classes;C:\Users\muhammad.ishaq\.m2\repository\org\seleniumhq\selenium\selenium-java\4.0.0\selenium-java-4.0.0.jar;C:\Users\muhammad.ishaq\.m2\repository\org\seleniumhq\selenium\selenium-api\4.0.0\selenium-api-4.0.0.jar;C:\Users\muhammad.ishaq\.m2\repository\org\seleniumhq\selenium\selenium-chrome-driver\4.0.0\selenium-chrome-driver-4.0.0.jar;C:\Users\muhammad.ishaq\.m2\repository\com\google\auto\service\auto-service-annotations\1.0\auto-service-annotations-1.0.jar;C:\Users\muhammad.ishaq\.m2\repository\com\google\auto\service\auto-service\1.0\auto-service-1.0.jar;C:\Users\muhammad.ishaq\.m2\repository\com\google\auto\auto-common\1.0\auto-common-1.0.jar;C:\Users\muhammad.ishaq\.m2\repository\com\google\guava\guava\31.0.1-jre\guava-31.0.1-jre.jar;C:\Users\muhammad.ishaq\.m2\repository\com\google\guava\failureaccess\1.0.1\failureaccess-1.0.1.jar;C:\Users\muhammad.ishaq\.m2\repository\com\google\guava\listenablefuture\9999.0-empty-to-avoid-conflict-with-guava\listenablefuture-9999.0-empty-to-avoid-conflict-with-guava.jar;C:\Users\muhammad.ishaq\.m2\repository\com\google\code\findbugs\jsr305\3.0.2\jsr305-3.0.2.jar;C:\Users\muhammad.ishaq\.m2\repository\org\checkerframework\checker-qual\3.12.0\checker-qual-3.12.0.jar;C:\Users\muhammad.ishaq\.m2\repository\com\google\errorprone\error_prone_annotations\2.7.1\error_prone_annotations-2.7.1.jar;C:\Users\muhammad.ishaq\.m2\repository\com\google\j2objc\j2objc-annotations\1.3\j2objc-annotations-1.3.jar;C:\Users\muhammad.ishaq\.m2\repository\org\seleniumhq\selenium\selenium-chromium-driver\4.0.0\selenium-chromium-driver-4.0.0.jar;C:\Users\muhammad.ishaq\.m2\repository\org\seleniumhq\selenium\selenium-json\4.0.0\selenium-json-4.0.0.jar;C:\Users\muhammad.ishaq\.m2\repository\org\seleniumhq\selenium\selenium-devtools-v85\4.0.0\selenium-devtools-v85-4.0.0.jar;C:\Users\muhammad.ishaq\.m2\repository\org\seleniumhq\selenium\selenium-devtools-v93\4.0.0\selenium-devtools-v93-4.0.0.jar;C:\Users\muhammad.ishaq\.m2\repository\org\seleniumhq\selenium\selenium-devtools-v94\4.0.0\selenium-devtools-v94-4.0.0.jar;C:\Users\muhammad.ishaq\.m2\repository\org\seleniumhq\selenium\selenium-devtools-v95\4.0.0\selenium-devtools-v95-4.0.0.jar;C:\Users\muhammad.ishaq\.m2\repository\org\seleniumhq\selenium\selenium-edge-driver\4.0.0\selenium-edge-driver-4.0.0.jar;C:\Users\muhammad.ishaq\.m2\repository\org\seleniumhq\selenium\selenium-firefox-driver\4.0.0\selenium-firefox-driver-4.0.0.jar;C:\Users\muhammad.ishaq\.m2\repository\org\seleniumhq\selenium\selenium-firefox-xpi-driver\4.0.0\selenium-firefox-xpi-driver-4.0.0.jar;C:\Users\muhammad.ishaq\.m2\repository\org\seleniumhq\selenium\selenium-ie-driver\4.0.0\selenium-ie-driver-4.0.0.jar;C:\Users\muhammad.ishaq\.m2\repository\org\seleniumhq\selenium\selenium-opera-driver\4.0.0\selenium-opera-driver-4.0.0.jar;C:\Users\muhammad.ishaq\.m2\repository\org\seleniumhq\selenium\selenium-remote-driver\4.0.0\selenium-remote-driver-4.0.0.jar;C:\Users\muhammad.ishaq\.m2\repository\io\netty\netty-buffer\4.1.68.Final\netty-buffer-4.1.68.Final.jar;C:\Users\muhammad.ishaq\.m2\repository\io\netty\netty-codec-http\4.1.67.Final\netty-codec-http-4.1.67.Final.jar;C:\Users\muhammad.ishaq\.m2\repository\io\netty\netty-codec\4.1.67.Final\netty-codec-4.1.67.Final.jar;C:\Users\muhammad.ishaq\.m2\repository\io\netty\netty-handler\4.1.67.Final\netty-handler-4.1.67.Final.jar;C:\Users\muhammad.ishaq\.m2\repository\io\netty\netty-common\4.1.68.Final\netty-common-4.1.68.Final.jar;C:\Users\muhammad.ishaq\.m2\repository\io\netty\netty-transport-native-epoll\4.1.67.Final\netty-transport-native-epoll-4.1.67.Final.jar;C:\Users\muhammad.ishaq\.m2\repository\io\netty\netty-transport-native-kqueue\4.1.67.Final\netty-transport-native-kqueue-4.1.67.Final.jar;C:\Users\muhammad.ishaq\.m2\repository\io\netty\netty-transport-native-unix-common\4.1.67.Final\netty-transport-native-unix-common-4.1.67.Final.jar;C:\Users\muhammad.ishaq\.m2\repository\io\netty\netty-transport\4.1.68.Final\netty-transport-4.1.68.Final.jar;C:\Users\muhammad.ishaq\.m2\repository\io\netty\netty-resolver\4.1.68.Final\netty-resolver-4.1.68.Final.jar;C:\Users\muhammad.ishaq\.m2\repository\io\opentelemetry\opentelemetry-api\1.6.0\opentelemetry-api-1.6.0.jar;C:\Users\muhammad.ishaq\.m2\repository\io\opentelemetry\opentelemetry-context\1.6.0\opentelemetry-context-1.6.0.jar;C:\Users\muhammad.ishaq\.m2\repository\io\opentelemetry\opentelemetry-exporter-logging\1.6.0\opentelemetry-exporter-logging-1.6.0.jar;C:\Users\muhammad.ishaq\.m2\repository\io\opentelemetry\opentelemetry-sdk-metrics\1.6.0-alpha\opentelemetry-sdk-metrics-1.6.0-alpha.jar;C:\Users\muhammad.ishaq\.m2\repository\io\opentelemetry\opentelemetry-sdk-common\1.6.0\opentelemetry-sdk-common-1.6.0.jar;C:\Users\muhammad.ishaq\.m2\repository\io\opentelemetry\opentelemetry-sdk-extension-autoconfigure-spi\1.6.0\opentelemetry-sdk-extension-autoconfigure-spi-1.6.0.jar;C:\Users\muhammad.ishaq\.m2\repository\io\opentelemetry\opentelemetry-sdk-extension-autoconfigure\1.6.0-alpha\opentelemetry-sdk-extension-autoconfigure-1.6.0-alpha.jar;C:\Users\muhammad.ishaq\.m2\repository\io\opentelemetry\opentelemetry-sdk-trace\1.6.0\opentelemetry-sdk-trace-1.6.0.jar;C:\Users\muhammad.ishaq\.m2\repository\io\opentelemetry\opentelemetry-api-metrics\1.6.0-alpha\opentelemetry-api-metrics-1.6.0-alpha.jar;C:\Users\muhammad.ishaq\.m2\repository\io\opentelemetry\opentelemetry-sdk\1.6.0\opentelemetry-sdk-1.6.0.jar;C:\Users\muhammad.ishaq\.m2\repository\io\opentelemetry\opentelemetry-semconv\1.6.0-alpha\opentelemetry-semconv-1.6.0-alpha.jar;C:\Users\muhammad.ishaq\.m2\repository\io\ous\jtoml\2.0.0\jtoml-2.0.0.jar;C:\Users\muhammad.ishaq\.m2\repository\net\bytebuddy\byte-buddy\1.11.19\byte-buddy-1.11.19.jar;C:\Users\muhammad.ishaq\.m2\repository\org\apache\commons\commons-exec\1.3\commons-exec-1.3.jar;C:\Users\muhammad.ishaq\.m2\repository\org\asynchttpclient\async-http-client\2.12.3\async-http-client-2.12.3.jar;C:\Users\muhammad.ishaq\.m2\repository\org\asynchttpclient\async-http-client-netty-utils\2.12.3\async-http-client-netty-utils-2.12.3.jar;C:\Users\muhammad.ishaq\.m2\repository\io\netty\netty-codec-socks\4.1.60.Final\netty-codec-socks-4.1.60.Final.jar;C:\Users\muhammad.ishaq\.m2\repository\io\netty\netty-handler-proxy\4.1.60.Final\netty-handler-proxy-4.1.60.Final.jar;C:\Users\muhammad.ishaq\.m2\repository\io\netty\netty-transport-native-epoll\4.1.60.Final\netty-transport-native-epoll-4.1.60.Final-linux-x86_64.jar;C:\Users\muhammad.ishaq\.m2\repository\io\netty\netty-transport-native-kqueue\4.1.60.Final\netty-transport-native-kqueue-4.1.60.Final-osx-x86_64.jar;C:\Users\muhammad.ishaq\.m2\repository\com\typesafe\netty\netty-reactive-streams\2.0.4\netty-reactive-streams-2.0.4.jar;C:\Users\muhammad.ishaq\.m2\repository\org\slf4j\slf4j-api\1.7.30\slf4j-api-1.7.30.jar;C:\Users\muhammad.ishaq\.m2\repository\com\sun\activation\jakarta.activation\1.2.2\jakarta.activation-1.2.2.jar;C:\Users\muhammad.ishaq\.m2\repository\org\seleniumhq\selenium\selenium-http\4.0.0\selenium-http-4.0.0.jar;C:\Users\muhammad.ishaq\.m2\repository\org\seleniumhq\selenium\selenium-safari-driver\4.0.0\selenium-safari-driver-4.0.0.jar;C:\Users\muhammad.ishaq\.m2\repository\org\seleniumhq\selenium\selenium-support\4.0.0\selenium-support-4.0.0.jar;C:\Users\muhammad.ishaq\.m2\repository\org\testng\testng\7.4.0\testng-7.4.0.jar;C:\Users\muhammad.ishaq\.m2\repository\com\beust\jcommander\1.78\jcommander-1.78.jar;C:\Users\muhammad.ishaq\.m2\repository\org\webjars\jquery\3.5.1\jquery-3.5.1.jar;C:\Users\muhammad.ishaq\.m2\repository\org\apache\logging\log4j\log4j-api\2.17.1\log4j-api-2.17.1.jar;C:\Users\muhammad.ishaq\.m2\repository\org\apache\logging\log4j\log4j-core\2.17.1\log4j-core-2.17.1.jar;C:\Users\muhammad.ishaq\.m2\repository\commons-io\commons-io\2.11.0\commons-io-2.11.0.jar;C:\Users\muhammad.ishaq\.m2\repository\com\aventstack\extentreports\5.0.9\extentreports-5.0.9.jar;C:\Users\muhammad.ishaq\.m2\repository\io\reactivex\rxjava3\rxjava\3.0.4\rxjava-3.0.4.jar;C:\Users\muhammad.ishaq\.m2\repository\org\reactivestreams\reactive-streams\1.0.3\reactive-streams-1.0.3.jar;C:\Users\muhammad.ishaq\.m2\repository\org\freemarker\freemarker\2.3.30\freemarker-2.3.30.jar;C:\Users\muhammad.ishaq\.m2\repository\org\projectlombok\lombok\1.18.12\lombok-1.18.12.jar;C:\Users\muhammad.ishaq\.m2\repository\com\google\code\gson\gson\2.8.6\gson-2.8.6.jar;C:\Users\muhammad.ishaq\.m2\repository\mysql\mysql-connector-java\8.0.27\mysql-connector-java-8.0.27.jar;C:\Users\muhammad.ishaq\.m2\repository\com\google\protobuf\protobuf-java\3.11.4\protobuf-java-3.11.4.jar;C:\Users\muhammad.ishaq\.m2\repository\io\cucumber\cucumber-java\7.2.2\cucumber-java-7.2.2.jar;C:\Users\muhammad.ishaq\.m2\repository\io\cucumber\cucumber-core\7.2.2\cucumber-core-7.2.2.jar;C:\Users\muhammad.ishaq\.m2\repository\io\cucumber\cucumber-gherkin\7.2.2\cucumber-gherkin-7.2.2.jar;C:\Users\muhammad.ishaq\.m2\repository\io\cucumber\cucumber-gherkin-messages\7.2.2\cucumber-gherkin-messages-7.2.2.jar;C:\Users\muhammad.ishaq\.m2\repository\io\cucumber\messages\17.1.1\messages-17.1.1.jar;C:\Users\muhammad.ishaq\.m2\repository\io\cucumber\tag-expressions\4.1.0\tag-expressions-4.1.0.jar;C:\Users\muhammad.ishaq\.m2\repository\io\cucumber\cucumber-expressions\15.0.1\cucumber-expressions-15.0.1.jar;C:\Users\muhammad.ishaq\.m2\repository\io\cucumber\datatable\7.2.2\datatable-7.2.2.jar;C:\Users\muhammad.ishaq\.m2\repository\io\cucumber\cucumber-plugin\7.2.2\cucumber-plugin-7.2.2.jar;C:\Users\muhammad.ishaq\.m2\repository\io\cucumber\docstring\7.2.2\docstring-7.2.2.jar;C:\Users\muhammad.ishaq\.m2\repository\io\cucumber\html-formatter\17.0.0\html-formatter-17.0.0.jar;C:\Users\muhammad.ishaq\.m2\repository\io\cucumber\ci-environment\8.1.0\ci-environment-8.1.0.jar;C:\Users\muhammad.ishaq\.m2\repository\org\apiguardian\apiguardian-api\1.1.2\apiguardian-api-1.1.2.jar;C:\Users\muhammad.ishaq\.m2\repository\io\cucumber\cucumber-testng\7.2.2\cucumber-testng-7.2.2.jar;C:\Users\muhammad.ishaq\.m2\repository\com\vimalselvam\cucumber-extentsreport\3.0.2\cucumber-extentsreport-3.0.2.jar;C:\Users\muhammad.ishaq\.m2\repository\org\apache\poi\poi\5.2.0\poi-5.2.0.jar;C:\Users\muhammad.ishaq\.m2\repository\commons-codec\commons-codec\1.15\commons-codec-1.15.jar;C:\Users\muhammad.ishaq\.m2\repository\org\apache\commons\commons-collections4\4.4\commons-collections4-4.4.jar;C:\Users\muhammad.ishaq\.m2\repository\org\apache\commons\commons-math3\3.6.1\commons-math3-3.6.1.jar;C:\Users\muhammad.ishaq\.m2\repository\com\zaxxer\SparseBitSet\1.2\SparseBitSet-1.2.jar;C:\Users\muhammad.ishaq\.m2\repository\com\browserstack\browserstack-local-java\1.0.3\browserstack-local-java-1.0.3.jar;C:\Users\muhammad.ishaq\.m2\repository\org\json\json\20160212\json-20160212.jar;C:\Users\muhammad.ishaq\.m2\repository\org\apache\poi\poi-ooxml\5.2.0\poi-ooxml-5.2.0.jar;C:\Users\muhammad.ishaq\.m2\repository\org\apache\poi\poi-ooxml-lite\5.2.0\poi-ooxml-lite-5.2.0.jar;C:\Users\muhammad.ishaq\.m2\repository\org\apache\xmlbeans\xmlbeans\5.0.3\xmlbeans-5.0.3.jar;C:\Users\muhammad.ishaq\.m2\repository\org\apache\commons\commons-compress\1.21\commons-compress-1.21.jar;C:\Users\muhammad.ishaq\.m2\repository\com\github\virtuald\curvesapi\1.06\curvesapi-1.06.jar;C:\Users\muhammad.ishaq\.m2\repository\org\apache\poi\poi-ooxml-schemas\4.1.2\poi-ooxml-schemas-4.1.2.jar;C:\Users\muhammad.ishaq\.m2\repository\org\ow2\asm\asm\6.2\asm-6.2.jar;"/>
    <property name="java.vm.vendor" value="Oracle Corporation"/>
    <property name="sun.arch.data.model" value="64"/>
    <property name="user.variant" value=""/>
    <property name="java.vendor.url" value="https://java.oracle.com/"/>
    <property name="user.timezone" value="Asia/Karachi"/>
    <property name="user.country.format" value="PK"/>
    <property name="os.name" value="Windows 11"/>
    <property name="java.vm.specification.version" value="18"/>
    <property name="sun.java.launcher" value="SUN_STANDARD"/>
    <property name="user.country" value="US"/>
    <property name="sun.boot.library.path" value="C:\Program Files\Java\jdk-18.0.1.1\bin"/>
    <property name="sun.java.command" value="C:\Users\muhammad.ishaq\AppData\Local\Temp\surefire18168839228927160452\surefirebooter1822770634910819657.jar C:\Users\muhammad.ishaq\AppData\Local\Temp\surefire18168839228927160452 2022-07-26T15-48-42_860-jvmRun1 surefire197929090587170003tmp surefire_08288088912800261703tmp"/>
    <property name="jdk.debug" value="release"/>
    <property name="surefire.test.class.path" value="D:\TestingAutomation\TestRepository\target\test-classes;D:\TestingAutomation\TestRepository\target\classes;C:\Users\muhammad.ishaq\.m2\repository\org\seleniumhq\selenium\selenium-java\4.0.0\selenium-java-4.0.0.jar;C:\Users\muhammad.ishaq\.m2\repository\org\seleniumhq\selenium\selenium-api\4.0.0\selenium-api-4.0.0.jar;C:\Users\muhammad.ishaq\.m2\repository\org\seleniumhq\selenium\selenium-chrome-driver\4.0.0\selenium-chrome-driver-4.0.0.jar;C:\Users\muhammad.ishaq\.m2\repository\com\google\auto\service\auto-service-annotations\1.0\auto-service-annotations-1.0.jar;C:\Users\muhammad.ishaq\.m2\repository\com\google\auto\service\auto-service\1.0\auto-service-1.0.jar;C:\Users\muhammad.ishaq\.m2\repository\com\google\auto\auto-common\1.0\auto-common-1.0.jar;C:\Users\muhammad.ishaq\.m2\repository\com\google\guava\guava\31.0.1-jre\guava-31.0.1-jre.jar;C:\Users\muhammad.ishaq\.m2\repository\com\google\guava\failureaccess\1.0.1\failureaccess-1.0.1.jar;C:\Users\muhammad.ishaq\.m2\repository\com\google\guava\listenablefuture\9999.0-empty-to-avoid-conflict-with-guava\listenablefuture-9999.0-empty-to-avoid-conflict-with-guava.jar;C:\Users\muhammad.ishaq\.m2\repository\com\google\code\findbugs\jsr305\3.0.2\jsr305-3.0.2.jar;C:\Users\muhammad.ishaq\.m2\repository\org\checkerframework\checker-qual\3.12.0\checker-qual-3.12.0.jar;C:\Users\muhammad.ishaq\.m2\repository\com\google\errorprone\error_prone_annotations\2.7.1\error_prone_annotations-2.7.1.jar;C:\Users\muhammad.ishaq\.m2\repository\com\google\j2objc\j2objc-annotations\1.3\j2objc-annotations-1.3.jar;C:\Users\muhammad.ishaq\.m2\repository\org\seleniumhq\selenium\selenium-chromium-driver\4.0.0\selenium-chromium-driver-4.0.0.jar;C:\Users\muhammad.ishaq\.m2\repository\org\seleniumhq\selenium\selenium-json\4.0.0\selenium-json-4.0.0.jar;C:\Users\muhammad.ishaq\.m2\repository\org\seleniumhq\selenium\selenium-devtools-v85\4.0.0\selenium-devtools-v85-4.0.0.jar;C:\Users\muhammad.ishaq\.m2\repository\org\seleniumhq\selenium\selenium-devtools-v93\4.0.0\selenium-devtools-v93-4.0.0.jar;C:\Users\muhammad.ishaq\.m2\repository\org\seleniumhq\selenium\selenium-devtools-v94\4.0.0\selenium-devtools-v94-4.0.0.jar;C:\Users\muhammad.ishaq\.m2\repository\org\seleniumhq\selenium\selenium-devtools-v95\4.0.0\selenium-devtools-v95-4.0.0.jar;C:\Users\muhammad.ishaq\.m2\repository\org\seleniumhq\selenium\selenium-edge-driver\4.0.0\selenium-edge-driver-4.0.0.jar;C:\Users\muhammad.ishaq\.m2\repository\org\seleniumhq\selenium\selenium-firefox-driver\4.0.0\selenium-firefox-driver-4.0.0.jar;C:\Users\muhammad.ishaq\.m2\repository\org\seleniumhq\selenium\selenium-firefox-xpi-driver\4.0.0\selenium-firefox-xpi-driver-4.0.0.jar;C:\Users\muhammad.ishaq\.m2\repository\org\seleniumhq\selenium\selenium-ie-driver\4.0.0\selenium-ie-driver-4.0.0.jar;C:\Users\muhammad.ishaq\.m2\repository\org\seleniumhq\selenium\selenium-opera-driver\4.0.0\selenium-opera-driver-4.0.0.jar;C:\Users\muhammad.ishaq\.m2\repository\org\seleniumhq\selenium\selenium-remote-driver\4.0.0\selenium-remote-driver-4.0.0.jar;C:\Users\muhammad.ishaq\.m2\repository\io\netty\netty-buffer\4.1.68.Final\netty-buffer-4.1.68.Final.jar;C:\Users\muhammad.ishaq\.m2\repository\io\netty\netty-codec-http\4.1.67.Final\netty-codec-http-4.1.67.Final.jar;C:\Users\muhammad.ishaq\.m2\repository\io\netty\netty-codec\4.1.67.Final\netty-codec-4.1.67.Final.jar;C:\Users\muhammad.ishaq\.m2\repository\io\netty\netty-handler\4.1.67.Final\netty-handler-4.1.67.Final.jar;C:\Users\muhammad.ishaq\.m2\repository\io\netty\netty-common\4.1.68.Final\netty-common-4.1.68.Final.jar;C:\Users\muhammad.ishaq\.m2\repository\io\netty\netty-transport-native-epoll\4.1.67.Final\netty-transport-native-epoll-4.1.67.Final.jar;C:\Users\muhammad.ishaq\.m2\repository\io\netty\netty-transport-native-kqueue\4.1.67.Final\netty-transport-native-kqueue-4.1.67.Final.jar;C:\Users\muhammad.ishaq\.m2\repository\io\netty\netty-transport-native-unix-common\4.1.67.Final\netty-transport-native-unix-common-4.1.67.Final.jar;C:\Users\muhammad.ishaq\.m2\repository\io\netty\netty-transport\4.1.68.Final\netty-transport-4.1.68.Final.jar;C:\Users\muhammad.ishaq\.m2\repository\io\netty\netty-resolver\4.1.68.Final\netty-resolver-4.1.68.Final.jar;C:\Users\muhammad.ishaq\.m2\repository\io\opentelemetry\opentelemetry-api\1.6.0\opentelemetry-api-1.6.0.jar;C:\Users\muhammad.ishaq\.m2\repository\io\opentelemetry\opentelemetry-context\1.6.0\opentelemetry-context-1.6.0.jar;C:\Users\muhammad.ishaq\.m2\repository\io\opentelemetry\opentelemetry-exporter-logging\1.6.0\opentelemetry-exporter-logging-1.6.0.jar;C:\Users\muhammad.ishaq\.m2\repository\io\opentelemetry\opentelemetry-sdk-metrics\1.6.0-alpha\opentelemetry-sdk-metrics-1.6.0-alpha.jar;C:\Users\muhammad.ishaq\.m2\repository\io\opentelemetry\opentelemetry-sdk-common\1.6.0\opentelemetry-sdk-common-1.6.0.jar;C:\Users\muhammad.ishaq\.m2\repository\io\opentelemetry\opentelemetry-sdk-extension-autoconfigure-spi\1.6.0\opentelemetry-sdk-extension-autoconfigure-spi-1.6.0.jar;C:\Users\muhammad.ishaq\.m2\repository\io\opentelemetry\opentelemetry-sdk-extension-autoconfigure\1.6.0-alpha\opentelemetry-sdk-extension-autoconfigure-1.6.0-alpha.jar;C:\Users\muhammad.ishaq\.m2\repository\io\opentelemetry\opentelemetry-sdk-trace\1.6.0\opentelemetry-sdk-trace-1.6.0.jar;C:\Users\muhammad.ishaq\.m2\repository\io\opentelemetry\opentelemetry-api-metrics\1.6.0-alpha\opentelemetry-api-metrics-1.6.0-alpha.jar;C:\Users\muhammad.ishaq\.m2\repository\io\opentelemetry\opentelemetry-sdk\1.6.0\opentelemetry-sdk-1.6.0.jar;C:\Users\muhammad.ishaq\.m2\repository\io\opentelemetry\opentelemetry-semconv\1.6.0-alpha\opentelemetry-semconv-1.6.0-alpha.jar;C:\Users\muhammad.ishaq\.m2\repository\io\ous\jtoml\2.0.0\jtoml-2.0.0.jar;C:\Users\muhammad.ishaq\.m2\repository\net\bytebuddy\byte-buddy\1.11.19\byte-buddy-1.11.19.jar;C:\Users\muhammad.ishaq\.m2\repository\org\apache\commons\commons-exec\1.3\commons-exec-1.3.jar;C:\Users\muhammad.ishaq\.m2\repository\org\asynchttpclient\async-http-client\2.12.3\async-http-client-2.12.3.jar;C:\Users\muhammad.ishaq\.m2\repository\org\asynchttpclient\async-http-client-netty-utils\2.12.3\async-http-client-netty-utils-2.12.3.jar;C:\Users\muhammad.ishaq\.m2\repository\io\netty\netty-codec-socks\4.1.60.Final\netty-codec-socks-4.1.60.Final.jar;C:\Users\muhammad.ishaq\.m2\repository\io\netty\netty-handler-proxy\4.1.60.Final\netty-handler-proxy-4.1.60.Final.jar;C:\Users\muhammad.ishaq\.m2\repository\io\netty\netty-transport-native-epoll\4.1.60.Final\netty-transport-native-epoll-4.1.60.Final-linux-x86_64.jar;C:\Users\muhammad.ishaq\.m2\repository\io\netty\netty-transport-native-kqueue\4.1.60.Final\netty-transport-native-kqueue-4.1.60.Final-osx-x86_64.jar;C:\Users\muhammad.ishaq\.m2\repository\com\typesafe\netty\netty-reactive-streams\2.0.4\netty-reactive-streams-2.0.4.jar;C:\Users\muhammad.ishaq\.m2\repository\org\slf4j\slf4j-api\1.7.30\slf4j-api-1.7.30.jar;C:\Users\muhammad.ishaq\.m2\repository\com\sun\activation\jakarta.activation\1.2.2\jakarta.activation-1.2.2.jar;C:\Users\muhammad.ishaq\.m2\repository\org\seleniumhq\selenium\selenium-http\4.0.0\selenium-http-4.0.0.jar;C:\Users\muhammad.ishaq\.m2\repository\org\seleniumhq\selenium\selenium-safari-driver\4.0.0\selenium-safari-driver-4.0.0.jar;C:\Users\muhammad.ishaq\.m2\repository\org\seleniumhq\selenium\selenium-support\4.0.0\selenium-support-4.0.0.jar;C:\Users\muhammad.ishaq\.m2\repository\org\testng\testng\7.4.0\testng-7.4.0.jar;C:\Users\muhammad.ishaq\.m2\repository\com\beust\jcommander\1.78\jcommander-1.78.jar;C:\Users\muhammad.ishaq\.m2\repository\org\webjars\jquery\3.5.1\jquery-3.5.1.jar;C:\Users\muhammad.ishaq\.m2\repository\org\apache\logging\log4j\log4j-api\2.17.1\log4j-api-2.17.1.jar;C:\Users\muhammad.ishaq\.m2\repository\org\apache\logging\log4j\log4j-core\2.17.1\log4j-core-2.17.1.jar;C:\Users\muhammad.ishaq\.m2\repository\commons-io\commons-io\2.11.0\commons-io-2.11.0.jar;C:\Users\muhammad.ishaq\.m2\repository\com\aventstack\extentreports\5.0.9\extentreports-5.0.9.jar;C:\Users\muhammad.ishaq\.m2\repository\io\reactivex\rxjava3\rxjava\3.0.4\rxjava-3.0.4.jar;C:\Users\muhammad.ishaq\.m2\repository\org\reactivestreams\reactive-streams\1.0.3\reactive-streams-1.0.3.jar;C:\Users\muhammad.ishaq\.m2\repository\org\freemarker\freemarker\2.3.30\freemarker-2.3.30.jar;C:\Users\muhammad.ishaq\.m2\repository\org\projectlombok\lombok\1.18.12\lombok-1.18.12.jar;C:\Users\muhammad.ishaq\.m2\repository\com\google\code\gson\gson\2.8.6\gson-2.8.6.jar;C:\Users\muhammad.ishaq\.m2\repository\mysql\mysql-connector-java\8.0.27\mysql-connector-java-8.0.27.jar;C:\Users\muhammad.ishaq\.m2\repository\com\google\protobuf\protobuf-java\3.11.4\protobuf-java-3.11.4.jar;C:\Users\muhammad.ishaq\.m2\repository\io\cucumber\cucumber-java\7.2.2\cucumber-java-7.2.2.jar;C:\Users\muhammad.ishaq\.m2\repository\io\cucumber\cucumber-core\7.2.2\cucumber-core-7.2.2.jar;C:\Users\muhammad.ishaq\.m2\repository\io\cucumber\cucumber-gherkin\7.2.2\cucumber-gherkin-7.2.2.jar;C:\Users\muhammad.ishaq\.m2\repository\io\cucumber\cucumber-gherkin-messages\7.2.2\cucumber-gherkin-messages-7.2.2.jar;C:\Users\muhammad.ishaq\.m2\repository\io\cucumber\messages\17.1.1\messages-17.1.1.jar;C:\Users\muhammad.ishaq\.m2\repository\io\cucumber\tag-expressions\4.1.0\tag-expressions-4.1.0.jar;C:\Users\muhammad.ishaq\.m2\repository\io\cucumber\cucumber-expressions\15.0.1\cucumber-expressions-15.0.1.jar;C:\Users\muhammad.ishaq\.m2\repository\io\cucumber\datatable\7.2.2\datatable-7.2.2.jar;C:\Users\muhammad.ishaq\.m2\repository\io\cucumber\cucumber-plugin\7.2.2\cucumber-plugin-7.2.2.jar;C:\Users\muhammad.ishaq\.m2\repository\io\cucumber\docstring\7.2.2\docstring-7.2.2.jar;C:\Users\muhammad.ishaq\.m2\repository\io\cucumber\html-formatter\17.0.0\html-formatter-17.0.0.jar;C:\Users\muhammad.ishaq\.m2\repository\io\cucumber\ci-environment\8.1.0\ci-environment-8.1.0.jar;C:\Users\muhammad.ishaq\.m2\repository\org\apiguardian\apiguardian-api\1.1.2\apiguardian-api-1.1.2.jar;C:\Users\muhammad.ishaq\.m2\repository\io\cucumber\cucumber-testng\7.2.2\cucumber-testng-7.2.2.jar;C:\Users\muhammad.ishaq\.m2\repository\com\vimalselvam\cucumber-extentsreport\3.0.2\cucumber-extentsreport-3.0.2.jar;C:\Users\muhammad.ishaq\.m2\repository\org\apache\poi\poi\5.2.0\poi-5.2.0.jar;C:\Users\muhammad.ishaq\.m2\repository\commons-codec\commons-codec\1.15\commons-codec-1.15.jar;C:\Users\muhammad.ishaq\.m2\repository\org\apache\commons\commons-collections4\4.4\commons-collections4-4.4.jar;C:\Users\muhammad.ishaq\.m2\repository\org\apache\commons\commons-math3\3.6.1\commons-math3-3.6.1.jar;C:\Users\muhammad.ishaq\.m2\repository\com\zaxxer\SparseBitSet\1.2\SparseBitSet-1.2.jar;C:\Users\muhammad.ishaq\.m2\repository\com\browserstack\browserstack-local-java\1.0.3\browserstack-local-java-1.0.3.jar;C:\Users\muhammad.ishaq\.m2\repository\org\json\json\20160212\json-20160212.jar;C:\Users\muhammad.ishaq\.m2\repository\org\apache\poi\poi-ooxml\5.2.0\poi-ooxml-5.2.0.jar;C:\Users\muhammad.ishaq\.m2\repository\org\apache\poi\poi-ooxml-lite\5.2.0\poi-ooxml-lite-5.2.0.jar;C:\Users\muhammad.ishaq\.m2\repository\org\apache\xmlbeans\xmlbeans\5.0.3\xmlbeans-5.0.3.jar;C:\Users\muhammad.ishaq\.m2\repository\org\apache\commons\commons-compress\1.21\commons-compress-1.21.jar;C:\Users\muhammad.ishaq\.m2\repository\com\github\virtuald\curvesapi\1.06\curvesapi-1.06.jar;C:\Users\muhammad.ishaq\.m2\repository\org\apache\poi\poi-ooxml-schemas\4.1.2\poi-ooxml-schemas-4.1.2.jar;C:\Users\muhammad.ishaq\.m2\repository\org\ow2\asm\asm\6.2\asm-6.2.jar;"/>
    <property name="sun.cpu.endian" value="little"/>
    <property name="user.home" value="C:\Users\muhammad.ishaq"/>
    <property name="user.language" value="en"/>
    <property name="java.specification.vendor" value="Oracle Corporation"/>
    <property name="java.version.date" value="2022-04-22"/>
    <property name="java.home" value="C:\Program Files\Java\jdk-18.0.1.1"/>
    <property name="file.separator" value="\"/>
    <property name="basedir" value="D:\TestingAutomation\TestRepository"/>
    <property name="java.vm.compressedOopsMode" value="Zero based"/>
    <property name="line.separator" value="&#10;"/>
    <property name="java.vm.specification.vendor" value="Oracle Corporation"/>
    <property name="java.specification.name" value="Java Platform API Specification"/>
    <property name="surefire.real.class.path" value="C:\Users\muhammad.ishaq\AppData\Local\Temp\surefire18168839228927160452\surefirebooter1822770634910819657.jar"/>
    <property name="user.script" value=""/>
    <property name="sun.management.compiler" value="HotSpot 64-Bit Tiered Compilers"/>
    <property name="java.runtime.version" value="18.0.1.1+2-6"/>
    <property name="user.name" value="Muhammad.Ishaq"/>
    <property name="path.separator" value=";"/>
    <property name="os.version" value="10.0"/>
    <property name="java.runtime.name" value="Java(TM) SE Runtime Environment"/>
    <property name="file.encoding" value="UTF-8"/>
    <property name="sun.nio.ch.bugLevel" value=""/>
    <property name="java.vm.name" value="Java HotSpot(TM) 64-Bit Server VM"/>
    <property name="localRepository" value="C:\Users\muhammad.ishaq\.m2\repository"/>
    <property name="java.vendor.url.bug" value="https://bugreport.java.com/bugreport/"/>
    <property name="java.io.tmpdir" value="C:\Users\MUHAMM~1.ISH\AppData\Local\Temp\"/>
    <property name="java.version" value="18.0.1.1"/>
    <property name="user.dir" value="D:\TestingAutomation\TestRepository"/>
    <property name="os.arch" value="amd64"/>
    <property name="java.vm.specification.name" value="Java Virtual Machine Specification"/>
    <property name="sun.os.patch.level" value=""/>
    <property name="native.encoding" value="Cp1252"/>
    <property name="java.library.path" value="C:\Program Files\Java\jdk-18.0.1.1\bin;C:\Windows\Sun\Java\bin;C:\Windows\system32;C:\Windows;C:/Program Files/Java/jdk-18.0.1.1/bin/server;C:/Program Files/Java/jdk-18.0.1.1/bin;C:\Program Files\Python310\Scripts\;C:\Program Files\Python310\;C:\Program Files\Common Files\Oracle\Java\javapath;C:\Windows\system32;C:\Windows;C:\Windows\System32\Wbem;C:\Windows\System32\WindowsPowerShell\v1.0\;C:\Windows\System32\OpenSSH\;C:\Program Files\nodejs\;C:\Users\muhammad.ishaq\AppData\Roaming\Python\Python310\site-packages\robot;C:\Program Files\Git\cmd;C:\Users\muhammad.ishaq\AppData\Local\Microsoft\WindowsApps;C:\Users\muhammad.ishaq\AppData\Roaming\npm;C:\Users\muhammad.ishaq\AppData\Local\Programs\Microsoft VS Code\bin;C:\Program Files\nodejs;C:\Program Files\Python310;C:\Users\muhammad.ishaq\AppData\Roaming\Python\Python310\Scripts&apos;;C:\Users\muhammad.ishaq\AppData\Roaming\Python\Python310\site-packages\robot;C:\Users\muhammad.ishaq\AppData\Roaming\Python\Python310\Scripts;C:\Users\muhammad.ishaq\AppData\Roaming\Python\Python310\site-packages;C:\Users\muhammad.ishaq\AppData\Local\rasjani\WebDriverManager\bin\;;C:\Windows\system32;;."/>
    <property name="java.vm.info" value="mixed mode, sharing"/>
    <property name="java.vendor" value="Oracle Corporation"/>
    <property name="java.vm.version" value="18.0.1.1+2-6"/>
    <property name="sun.io.unicode.encoding" value="UnicodeLittle"/>
    <property name="java.class.version" value="62.0"/>
  </properties>
  <testcase name="comparrableRegistration" classname="comparrable.ai.ComparableRegistration" time="25.851">
    <system-out><![CDATA[chrome
2022-07-26 15:48:44,025 main ERROR Unable to delete file D:\TestingAutomation\TestRepository\.\logs\prints.log: java.nio.file.FileSystemException D:\TestingAutomation\TestRepository\.\logs\prints.log: The process cannot access the file because it is being used by another process
2022-07-26 15:48:44,040 main ERROR Unable to delete file D:\TestingAutomation\TestRepository\.\logs\prints.log: java.nio.file.FileSystemException D:\TestingAutomation\TestRepository\.\logs\prints.log: The process cannot access the file because it is being used by another process
2022-07-26 15:48:44,054 main ERROR Unable to delete file D:\TestingAutomation\TestRepository\.\logs\prints.log: java.nio.file.FileSystemException D:\TestingAutomation\TestRepository\.\logs\prints.log: The process cannot access the file because it is being used by another process
2022-07-26 15:48:44,058 main ERROR Unable to delete file D:\TestingAutomation\TestRepository\.\logs\prints.log: java.nio.file.FileSystemException D:\TestingAutomation\TestRepository\.\logs\prints.log: The process cannot access the file because it is being used by another process
2022-07-26 15:48:44,061 main ERROR Unable to delete file D:\TestingAutomation\TestRepository\.\logs\prints.log: java.nio.file.FileSystemException D:\TestingAutomation\TestRepository\.\logs\prints.log: The process cannot access the file because it is being used by another process
2022-07-26 15:48:44,070 main ERROR Unable to delete file D:\TestingAutomation\TestRepository\.\logs\prints.log: java.nio.file.FileSystemException D:\TestingAutomation\TestRepository\.\logs\prints.log: The process cannot access the file because it is being used by another process
2022-07-26 15:48:44,194 main ERROR Unable to delete file D:\TestingAutomation\TestRepository\.\logs\prints.log: java.nio.file.FileSystemException D:\TestingAutomation\TestRepository\.\logs\prints.log: The process cannot access the file because it is being used by another process
2022-07-26 15:48:44,209 main ERROR Unable to delete file D:\TestingAutomation\TestRepository\.\logs\prints.log: java.nio.file.FileSystemException D:\TestingAutomation\TestRepository\.\logs\prints.log: The process cannot access the file because it is being used by another process
2022-07-26 15:48:44,213 main ERROR Unable to delete file D:\TestingAutomation\TestRepository\.\logs\prints.log: java.nio.file.FileSystemException D:\TestingAutomation\TestRepository\.\logs\prints.log: The process cannot access the file because it is being used by another process
2022-07-26 15:48:44,217 main ERROR Unable to delete file D:\TestingAutomation\TestRepository\.\logs\prints.log: java.nio.file.FileSystemException D:\TestingAutomation\TestRepository\.\logs\prints.log: The process cannot access the file because it is being used by another process
2022-07-26 15:48:44,220 main ERROR Unable to delete file D:\TestingAutomation\TestRepository\.\logs\prints.log: java.nio.file.FileSystemException D:\TestingAutomation\TestRepository\.\logs\prints.log: The process cannot access the file because it is being used by another process
2022-07-26 15:48:44,234 main ERROR Unable to delete file D:\TestingAutomation\TestRepository\.\logs\prints.log: java.nio.file.FileSystemException D:\TestingAutomation\TestRepository\.\logs\prints.log: The process cannot access the file because it is being used by another process
2022-07-26 15:48:44,236 main ERROR Unable to delete file D:\TestingAutomation\TestRepository\.\logs\prints.log: java.nio.file.FileSystemException D:\TestingAutomation\TestRepository\.\logs\prints.log: The process cannot access the file because it is being used by another process
2022-07-26 15:48:44,243 main ERROR Unable to delete file D:\TestingAutomation\TestRepository\.\logs\prints.log: java.nio.file.FileSystemException D:\TestingAutomation\TestRepository\.\logs\prints.log: The process cannot access the file because it is being used by another process
2022-07-26 15:48:44,611 Forwarding newSession on session null to remote ERROR Unable to delete file D:\TestingAutomation\TestRepository\.\logs\prints.log: java.nio.file.FileSystemException D:\TestingAutomation\TestRepository\.\logs\prints.log: The process cannot access the file because it is being used by another process
2022-07-26 15:48:44,662 AsyncHttpClient-1-2 ERROR Unable to delete file D:\TestingAutomation\TestRepository\.\logs\prints.log: java.nio.file.FileSystemException D:\TestingAutomation\TestRepository\.\logs\prints.log: The process cannot access the file because it is being used by another process
2022-07-26 15:48:44,676 AsyncHttpClient-1-2 ERROR Unable to delete file D:\TestingAutomation\TestRepository\.\logs\prints.log: java.nio.file.FileSystemException D:\TestingAutomation\TestRepository\.\logs\prints.log: The process cannot access the file because it is being used by another process
2022-07-26 15:48:45,236 main ERROR Unable to delete file D:\TestingAutomation\TestRepository\.\logs\prints.log: java.nio.file.FileSystemException D:\TestingAutomation\TestRepository\.\logs\prints.log: The process cannot access the file because it is being used by another process
chrome
chrome
18
tiger0176@partnerct.com
5
Valuation
Benchmarking
Market analysis
M&A
Other...
]]></system-out>
    <system-err><![CDATA[SLF4J: Failed to load class "org.slf4j.impl.StaticLoggerBinder".
SLF4J: Defaulting to no-operation (NOP) logger implementation
SLF4J: See http://www.slf4j.org/codes.html#StaticLoggerBinder for further details.
Starting ChromeDriver 102.0.5005.61 (0e59bcc00cc4985ce39ad31c150065f159d95ad3-refs/branch-heads/5005@{#819}) on port 59309
Only local connections are allowed.
Please see https://chromedriver.chromium.org/security-considerations for suggestions on keeping ChromeDriver safe.
ChromeDriver was started successfully.
[1658832525.139][WARNING]: This version of ChromeDriver has not been tested with Chrome version 103.
Jul 26, 2022 3:48:45 PM org.openqa.selenium.remote.ProtocolHandshake createSession
INFO: Detected dialect: W3C
Jul 26, 2022 3:48:45 PM org.openqa.selenium.devtools.CdpVersionFinder findNearestMatch
WARNING: Unable to find an exact match for CDP version 103, so returning the closest version found: a no-op implementation
Jul 26, 2022 3:48:45 PM org.openqa.selenium.devtools.CdpVersionFinder findNearestMatch
INFO: Unable to find CDP implementation matching 103.
Jul 26, 2022 3:48:45 PM org.openqa.selenium.chromium.ChromiumDriver lambda$new$3
WARNING: Unable to find version of CDP to use for . You may need to include a dependency on a specific version of the CDP using something similar to `org.seleniumhq.selenium:selenium-devtools-v86:4.0.0` where the version ("v86") matches the version of the chromium-based browser you're using and the version number of the artifact is the same as Selenium's.
Starting ChromeDriver 102.0.5005.61 (0e59bcc00cc4985ce39ad31c150065f159d95ad3-refs/branch-heads/5005@{#819}) on port 58452
Only local connections are allowed.
Please see https://chromedriver.chromium.org/security-considerations for suggestions on keeping ChromeDriver safe.
ChromeDriver was started successfully.
[1658832525.974][WARNING]: This version of ChromeDriver has not been tested with Chrome version 103.
Jul 26, 2022 3:48:45 PM org.openqa.selenium.remote.ProtocolHandshake createSession
INFO: Detected dialect: W3C
Jul 26, 2022 3:48:46 PM org.openqa.selenium.devtools.CdpVersionFinder findNearestMatch
WARNING: Unable to find an exact match for CDP version 103, so returning the closest version found: a no-op implementation
Jul 26, 2022 3:48:46 PM org.openqa.selenium.devtools.CdpVersionFinder findNearestMatch
INFO: Unable to find CDP implementation matching 103.
Jul 26, 2022 3:48:46 PM org.openqa.selenium.chromium.ChromiumDriver lambda$new$3
WARNING: Unable to find version of CDP to use for . You may need to include a dependency on a specific version of the CDP using something similar to `org.seleniumhq.selenium:selenium-devtools-v86:4.0.0` where the version ("v86") matches the version of the chromium-based browser you're using and the version number of the artifact is the same as Selenium's.
Starting ChromeDriver 102.0.5005.61 (0e59bcc00cc4985ce39ad31c150065f159d95ad3-refs/branch-heads/5005@{#819}) on port 51061
Only local connections are allowed.
Please see https://chromedriver.chromium.org/security-considerations for suggestions on keeping ChromeDriver safe.
ChromeDriver was started successfully.
[1658832526.707][WARNING]: This version of ChromeDriver has not been tested with Chrome version 103.
Jul 26, 2022 3:48:46 PM org.openqa.selenium.remote.ProtocolHandshake createSession
INFO: Detected dialect: W3C
Jul 26, 2022 3:48:46 PM org.openqa.selenium.devtools.CdpVersionFinder findNearestMatch
WARNING: Unable to find an exact match for CDP version 103, so returning the closest version found: a no-op implementation
Jul 26, 2022 3:48:46 PM org.openqa.selenium.devtools.CdpVersionFinder findNearestMatch
INFO: Unable to find CDP implementation matching 103.
Jul 26, 2022 3:48:46 PM org.openqa.selenium.chromium.ChromiumDriver lambda$new$3
WARNING: Unable to find version of CDP to use for . You may need to include a dependency on a specific version of the CDP using something similar to `org.seleniumhq.selenium:selenium-devtools-v86:4.0.0` where the version ("v86") matches the version of the chromium-based browser you're using and the version number of the artifact is the same as Selenium's.
]]></system-err>
  </testcase>
  <testcase name="comparrableLogin" classname="comparrable.ai.ComparableLogin" time="23.049"/>
  <testcase name="comparrableLogin222" classname="comparrable.ai.ComparableLogin22" time="18.399"/>
</testsuite>