<?xml version="1.0" encoding="UTF-8"?>
<!-- Generated by org.testng.reporters.JUnitReportReporter -->
<testsuite hostname="NB-LT-LO-217" failures="0" tests="4" name="cucumberOptions.TestRunner" time="25.194" errors="0" timestamp="2022-01-31T11:37:24 PKT" skipped="0">
  <testcase classname="cucumberOptions.TestRunner" name="runScenario" time="8.539"/>
  <system-out/>
  <testcase classname="cucumberOptions.TestRunner" name="runScenario" time="8.067"/>
  <system-out/>
  <testcase classname="cucumberOptions.TestRunner" name="runScenario" time="8.579"/>
  <system-out/>
  <testcase classname="cucumberOptions.TestRunner" name="runScenario" time="0.009"/>
  <system-out/>
</testsuite> <!-- cucumberOptions.TestRunner -->
