<?xml version="1.0" encoding="UTF-8"?>
<!-- Generated by org.testng.reporters.JUnitReportReporter -->
<testsuite hostname="NB-LT-LO-217" failures="0" tests="4" name="endToEndAutomation.CommonDataProviderXl" time="0.003" errors="0" timestamp="2022-02-03T12:31:43 PKT" skipped="2">
  <testcase classname="endToEndAutomation.CommonDataProviderXl" name="commonDataProvider" time="0.001"/>
  <system-out/>
  <testcase classname="endToEndAutomation.CommonDataProviderXl" name="commonDataProvider" time="0.001"/>
  <system-out/>
  <testcase classname="endToEndAutomation.CommonDataProviderXl" name="commonDataProvider" time="0.001">
    <skipped/>
  </testcase> <!-- commonDataProvider -->
  <system-out/>
  <testcase classname="endToEndAutomation.CommonDataProviderXl" name="commonDataProvider" time="0.000">
    <skipped/>
  </testcase> <!-- commonDataProvider -->
  <system-out/>
</testsuite> <!-- endToEndAutomation.CommonDataProviderXl -->
