<?xml version="1.0" encoding="UTF-8"?>
<!-- Generated by org.testng.reporters.JUnitReportReporter -->
<testsuite hostname="pkltp124" failures="0" tests="1" name="endToEndAutomation.App" time="25.334" errors="0" timestamp="2022-04-28T11:23:03 PKT" skipped="0">
  <testcase classname="endToEndAutomation.App" name="ssPortalRegistration" time="25.334"/>
  <system-out/>
</testsuite> <!-- endToEndAutomation.App -->
