<?xml version="1.0" encoding="UTF-8"?>
<!-- Generated by org.testng.reporters.JUnitReportReporter -->
<testsuite hostname="TEO-Ishaq" failures="0" tests="1" name="AppiumTest.dragAndDrop" time="2.968" errors="0" timestamp="2022-07-20T10:42:54 PKT" skipped="0">
  <testcase classname="AppiumTest.dragAndDrop" name="swipeGestures" time="2.968"/>
  <system-out/>
</testsuite> <!-- AppiumTest.dragAndDrop -->
