<?xml version="1.0" encoding="UTF-8"?>
<!-- Generated by org.testng.reporters.JUnitReportReporter -->
<testsuite hostname="NB-LT-LO-217" failures="0" tests="3" name="rough.AddCustomerSuiteTestcases.OpenAccountTest" time="0.001" errors="0" timestamp="2022-02-04T11:46:45 PKT" skipped="3">
  <testcase classname="rough.AddCustomerSuiteTestcases.OpenAccountTest" name="openAccountTest" time="0.000">
    <skipped/>
  </testcase> <!-- openAccountTest -->
  <system-out/>
  <testcase classname="rough.AddCustomerSuiteTestcases.OpenAccountTest" name="openAccountTest" time="0.000">
    <skipped/>
  </testcase> <!-- openAccountTest -->
  <system-out/>
  <testcase classname="rough.AddCustomerSuiteTestcases.OpenAccountTest" name="openAccountTest" time="0.001">
    <skipped/>
  </testcase> <!-- openAccountTest -->
  <system-out/>
</testsuite> <!-- rough.AddCustomerSuiteTestcases.OpenAccountTest -->
