<?xml version="1.0" encoding="UTF-8"?>
<!-- Generated by org.testng.reporters.JUnitReportReporter -->
<testsuite hostname="NB-LT-LO-217" failures="0" tests="2" name="rough.AddCustomerSuiteTestcases.AddCustomerTest" time="0.082" errors="0" timestamp="2022-02-04T12:10:07 PKT" skipped="0">
  <testcase classname="rough.AddCustomerSuiteTestcases.AddCustomerTest" name="addCustomerTest" time="0.033"/>
  <system-out/>
  <testcase classname="rough.AddCustomerSuiteTestcases.AddCustomerTest" name="addCustomerTest" time="0.049"/>
  <system-out/>
</testsuite> <!-- rough.AddCustomerSuiteTestcases.AddCustomerTest -->
