<?xml version="1.0" encoding="UTF-8"?>
<!-- Generated by org.testng.reporters.JUnitReportReporter -->
<testsuite hostname="NB-LT-LO-217" failures="0" tests="1" name="endToEndAutomation.validateTitle" time="0.011" errors="0" timestamp="2022-02-04T12:00:09 PKT" skipped="1">
  <testcase classname="endToEndAutomation.validateTitle" name="titleValidation" time="0.011">
    <skipped/>
  </testcase> <!-- titleValidation -->
  <system-out/>
</testsuite> <!-- endToEndAutomation.validateTitle -->
