<?xml version="1.0" encoding="UTF-8"?>
<!-- Generated by org.testng.reporters.JUnitReportReporter -->
<testsuite hostname="TEO-Ishaq" failures="0" tests="1" name="AppiumTest.swipePage" time="4.409" errors="0" timestamp="2022-07-20T10:29:40 PKT" skipped="0">
  <testcase classname="AppiumTest.swipePage" name="swipeGestures" time="4.409"/>
  <system-out/>
</testsuite> <!-- AppiumTest.swipePage -->
