<?xml version="1.0" encoding="UTF-8"?>
<!-- Generated by org.testng.reporters.JUnitReportReporter -->
<testsuite hostname="pkltp124" failures="0" tests="1" name="ssPortalLogin.ssPortalLogin" time="12.192" errors="0" timestamp="2022-04-28T12:07:49 PKT" skipped="0">
  <testcase classname="ssPortalLogin.ssPortalLogin" name="validateUsers" time="12.192"/>
  <system-out/>
</testsuite> <!-- ssPortalLogin.ssPortalLogin -->
