<?xml version="1.0" encoding="UTF-8"?>
<!-- Generated by org.testng.reporters.JUnitReportReporter -->
<testsuite hostname="TEO-Ishaq" failures="0" tests="1" name="endToEndAutomation.AddToCartArray" time="28.354" errors="0" timestamp="2022-06-13T16:35:46 PKT" skipped="0">
  <testcase classname="endToEndAutomation.AddToCartArray" name="addToCartArraySimply" time="28.354"/>
  <system-out/>
</testsuite> <!-- endToEndAutomation.AddToCartArray -->
