<?xml version="1.0" encoding="UTF-8"?>
<!-- Generated by org.testng.reporters.JUnitReportReporter -->
<testsuite hostname="pkltp124" failures="0" tests="1" name="ssPortalLogin.ssPortalRegistration" time="26.545" errors="0" timestamp="2022-04-28T16:13:33 PKT" skipped="0">
  <testcase classname="ssPortalLogin.ssPortalRegistration" name="ssPortalRegistration" time="26.545"/>
  <system-out/>
</testsuite> <!-- ssPortalLogin.ssPortalRegistration -->
