<?xml version="1.0" encoding="UTF-8"?>
<!-- Generated by org.testng.reporters.JUnitReportReporter -->
<testsuite hostname="TEO-Ishaq" failures="0" tests="1" name="AppiumTest.longPressGestures" time="7.897" errors="0" timestamp="2022-07-19T18:24:25 PKT" skipped="0">
  <testcase classname="AppiumTest.longPressGestures" name="testinglongPressGestures" time="7.897"/>
  <system-out/>
</testsuite> <!-- AppiumTest.longPressGestures -->
