<?xml version="1.0" encoding="UTF-8"?>
<!-- Generated by org.testng.reporters.JUnitReportReporter -->
<testsuite hostname="NB-LT-LO-217" failures="0" tests="3" name="rough.bankManagerSuiteTestcases.OpenAccountTest" time="0.087" errors="0" timestamp="2022-02-04T12:16:32 PKT" skipped="0">
  <testcase classname="rough.bankManagerSuiteTestcases.OpenAccountTest" name="openAccountTest" time="0.029"/>
  <system-out/>
  <testcase classname="rough.bankManagerSuiteTestcases.OpenAccountTest" name="openAccountTest" time="0.031"/>
  <system-out/>
  <testcase classname="rough.bankManagerSuiteTestcases.OpenAccountTest" name="openAccountTest" time="0.027"/>
  <system-out/>
</testsuite> <!-- rough.bankManagerSuiteTestcases.OpenAccountTest -->
