<?xml version="1.0" encoding="UTF-8"?>
<!-- Generated by org.testng.reporters.JUnitReportReporter -->
<testsuite hostname="NB-LT-LO-217" failures="0" tests="2" name="rough.TestParameterization" time="0.001" errors="0" timestamp="2022-02-03T12:31:43 PKT" skipped="0">
  <testcase classname="rough.TestParameterization" name="TestData" time="0.001"/>
  <system-out/>
  <testcase classname="rough.TestParameterization" name="TestData" time="0.000"/>
  <system-out/>
</testsuite> <!-- rough.TestParameterization -->
