<?xml version="1.0" encoding="UTF-8"?>
<!-- Generated by org.testng.reporters.JUnitReportReporter -->
<testsuite hostname="NB-LT-LO-217" failures="0" tests="1" name="endToEndAutomation.AutosugestiveDropdown2" time="9.655" errors="0" timestamp="2022-01-18T13:43:47 PKT" skipped="0">
  <testcase classname="endToEndAutomation.AutosugestiveDropdown2" name="autoDropDown" time="9.655"/>
  <system-out/>
</testsuite> <!-- endToEndAutomation.AutosugestiveDropdown2 -->
