<?xml version="1.0" encoding="UTF-8"?>
<!-- Generated by org.testng.reporters.JUnitReportReporter -->
<testsuite hostname="TEO-Ishaq" failures="0" tests="1" name="AppiumTest.ScrollingPage" time="8.193" errors="0" timestamp="2022-07-20T10:03:28 PKT" skipped="0">
  <testcase classname="AppiumTest.ScrollingPage" name="testinglongPressGestures" time="8.193"/>
  <system-out/>
</testsuite> <!-- AppiumTest.ScrollingPage -->
