<?xml version="1.0" encoding="UTF-8"?>
<!-- Generated by org.testng.reporters.JUnitReportReporter -->
<testsuite hostname="TEO-Ishaq" failures="0" tests="1" name="AppiumTest.appiumtest" time="14.542" errors="0" timestamp="2022-07-19T21:37:51 PKT" skipped="0">
  <testcase classname="AppiumTest.appiumtest" name="wifiSettingTestInMobile" time="14.542"/>
  <system-out/>
</testsuite> <!-- AppiumTest.appiumtest -->
