<?xml version="1.0" encoding="UTF-8"?>
<!-- Generated by org.testng.reporters.JUnitReportReporter -->
<testsuite hostname="NB-LT-LO-217" failures="0" tests="2" name="rough.bankManagerSuiteTestcases.AddCustomerTest" time="0.072" errors="0" timestamp="2022-02-04T12:16:32 PKT" skipped="0">
  <testcase classname="rough.bankManagerSuiteTestcases.AddCustomerTest" name="addCustomerTest" time="0.030"/>
  <system-out/>
  <testcase classname="rough.bankManagerSuiteTestcases.AddCustomerTest" name="addCustomerTest" time="0.042"/>
  <system-out/>
</testsuite> <!-- rough.bankManagerSuiteTestcases.AddCustomerTest -->
