<?xml version="1.0" encoding="UTF-8"?>
<!-- Generated by org.testng.reporters.JUnitReportReporter -->
<testsuite hostname="TEO-Ishaq" failures="0" tests="1" name="comparrable.ai.ComparableLogin" time="23.049" errors="0" timestamp="2022-07-26T15:49:54 PKT" skipped="0">
  <testcase classname="comparrable.ai.ComparableLogin" name="comparrableLogin" time="23.049"/>
  <system-out/>
</testsuite> <!-- comparrable.ai.ComparableLogin -->
