<?xml version="1.0" encoding="UTF-8"?>
<!-- Generated by org.testng.reporters.JUnitReportReporter -->
<testsuite hostname="TEO-Ishaq" failures="0" tests="1" name="comparrable.ai.ComparableRegistration" time="46.056" errors="0" timestamp="2022-07-22T15:04:42 PKT" skipped="0">
  <testcase classname="comparrable.ai.ComparableRegistration" name="comparrableRegistration" time="46.056"/>
  <system-out/>
</testsuite> <!-- comparrable.ai.ComparableRegistration -->
