<?xml version="1.0" encoding="UTF-8"?>
<!-- Generated by org.testng.reporters.JUnitReportReporter -->
<testsuite hostname="TEO-Ishaq" failures="0" tests="1" name="comparrable.ai.ComparableLogin" time="19.789" errors="0" timestamp="2022-07-22T15:04:42 PKT" skipped="0">
  <testcase classname="comparrable.ai.ComparableLogin" name="comparrableRegistration" time="19.789"/>
  <system-out/>
</testsuite> <!-- comparrable.ai.ComparableLogin -->
